<?xml version="1.0" encoding="UTF-8"?>
<!-- Generated by org.testng.reporters.JUnitXMLReporter -->
<testsuite hostname="E5530-2340" name="Default test" tests="4" failures="0" timestamp="20 Jul 2016 01:26:22 GMT" time="59.346" errors="0">
  <testcase name="testSuccessfulLogIn" time="8.979" classname="com.test1.tests.RTestChrome"/>
  <testcase name="testSuccessfulLogIn" time="9.041" classname="com.test1.tests.RTestChrome"/>
  <testcase name="testSuccessfulLogIn" time="6.328" classname="com.test1.tests.RTestChrome"/>
  <testcase name="testSuccessfulLogIn" time="7.06" classname="com.test1.tests.RTestChrome"/>
</testsuite> <!-- Default test -->
