<?xml version="1.0" encoding="UTF-8"?>
<testng-results skipped="0" failed="0" total="2" passed="2">
  <reporter-output>
  </reporter-output>
  <suite name="Default suite" duration-ms="104547" started-at="2016-06-28T17:03:08Z" finished-at="2016-06-28T17:04:53Z">
    <groups>
    </groups>
    <test name="Default test" duration-ms="104547" started-at="2016-06-28T17:03:08Z" finished-at="2016-06-28T17:04:53Z">
      <class name="com.test1.tests.TestSuccessfulAdminAddAttachment">
        <test-method status="PASS" signature="beforSuite()[pri:0, instance:com.test1.tests.TestSuccessfulAdminAddAttachment@483bf400]" name="beforSuite" is-config="true" duration-ms="13" started-at="2016-06-28T13:03:08Z" finished-at="2016-06-28T13:03:08Z">
          <reporter-output>
          </reporter-output>
        </test-method> <!-- beforSuite -->
        <test-method status="PASS" signature="beforeMethod()[pri:0, instance:com.test1.tests.TestSuccessfulAdminAddAttachment@483bf400]" name="beforeMethod" is-config="true" duration-ms="4348" started-at="2016-06-28T13:03:09Z" finished-at="2016-06-28T13:03:13Z">
          <reporter-output>
          </reporter-output>
        </test-method> <!-- beforeMethod -->
        <test-method status="PASS" signature="testSuccessfulAdminAddAttachment(java.lang.String, java.lang.String, java.lang.String, java.lang.String, java.lang.String, java.lang.String, java.lang.String)[pri:0, instance:com.test1.tests.TestSuccessfulAdminAddAttachment@483bf400]" name="testSuccessfulAdminAddAttachment" duration-ms="46002" started-at="2016-06-28T13:03:13Z" data-provider="dataProvider" finished-at="2016-06-28T13:03:59Z">
          <params>
            <param index="0">
              <value>
                <![CDATA[City of Decatur 2]]>
              </value>
            </param>
            <param index="1">
              <value>
                <![CDATA[Jason Lee]]>
              </value>
            </param>
            <param index="2">
              <value>
                <![CDATA[password1]]>
              </value>
            </param>
            <param index="3">
              <value>
                <![CDATA[88-88888-88]]>
              </value>
            </param>
            <param index="4">
              <value>
                <![CDATA[addingDocument]]>
              </value>
            </param>
            <param index="5">
              <value>
                <![CDATA[C:\\testfolder\\]]>
              </value>
            </param>
            <param index="6">
              <value>
                <![CDATA[TestCertInput1.xlsx]]>
              </value>
            </param>
          </params>
          <reporter-output>
          </reporter-output>
        </test-method> <!-- testSuccessfulAdminAddAttachment -->
        <test-method status="PASS" signature="afterMethod()[pri:0, instance:com.test1.tests.TestSuccessfulAdminAddAttachment@483bf400]" name="afterMethod" is-config="true" duration-ms="1074" started-at="2016-06-28T13:03:59Z" finished-at="2016-06-28T13:04:00Z">
          <reporter-output>
          </reporter-output>
        </test-method> <!-- afterMethod -->
        <test-method status="PASS" signature="beforeMethod()[pri:0, instance:com.test1.tests.TestSuccessfulAdminAddAttachment@483bf400]" name="beforeMethod" is-config="true" duration-ms="5216" started-at="2016-06-28T13:04:00Z" finished-at="2016-06-28T13:04:06Z">
          <reporter-output>
          </reporter-output>
        </test-method> <!-- beforeMethod -->
        <test-method status="PASS" signature="testSuccessfulAdminAddAttachment(java.lang.String, java.lang.String, java.lang.String, java.lang.String, java.lang.String, java.lang.String, java.lang.String)[pri:0, instance:com.test1.tests.TestSuccessfulAdminAddAttachment@483bf400]" name="testSuccessfulAdminAddAttachment" duration-ms="46343" started-at="2016-06-28T13:04:06Z" data-provider="dataProvider" finished-at="2016-06-28T13:04:52Z">
          <params>
            <param index="0">
              <value>
                <![CDATA[City of Decatur 2]]>
              </value>
            </param>
            <param index="1">
              <value>
                <![CDATA[Jason Lee]]>
              </value>
            </param>
            <param index="2">
              <value>
                <![CDATA[password1]]>
              </value>
            </param>
            <param index="3">
              <value>
                <![CDATA[88-88888-88]]>
              </value>
            </param>
            <param index="4">
              <value>
                <![CDATA[addingAttachment]]>
              </value>
            </param>
            <param index="5">
              <value>
                <![CDATA[C:\\testfolder\\]]>
              </value>
            </param>
            <param index="6">
              <value>
                <![CDATA[rock1.jpg]]>
              </value>
            </param>
          </params>
          <reporter-output>
          </reporter-output>
        </test-method> <!-- testSuccessfulAdminAddAttachment -->
        <test-method status="PASS" signature="afterMethod()[pri:0, instance:com.test1.tests.TestSuccessfulAdminAddAttachment@483bf400]" name="afterMethod" is-config="true" duration-ms="934" started-at="2016-06-28T13:04:52Z" finished-at="2016-06-28T13:04:53Z">
          <reporter-output>
          </reporter-output>
        </test-method> <!-- afterMethod -->
      </class> <!-- com.test1.tests.TestSuccessfulAdminAddAttachment -->
    </test> <!-- Default test -->
  </suite> <!-- Default suite -->
</testng-results>
