<?xml version="1.0" encoding="UTF-8"?>
<testng-results skipped="0" failed="0" total="24" passed="24">
  <reporter-output>
  </reporter-output>
  <suite name="Ant suite" duration-ms="799129" started-at="2016-07-15T14:48:10Z" finished-at="2016-07-15T15:01:29Z">
    <groups>
    </groups>
    <test name="Ant test" duration-ms="799129" started-at="2016-07-15T14:48:10Z" finished-at="2016-07-15T15:01:29Z">
      <class name="com.test1.tests.RTestChrome">
        <test-method status="PASS" signature="beforSuite()[pri:0, instance:com.test1.tests.RTestChrome@7d4793a8]" name="beforSuite" is-config="true" duration-ms="34" started-at="2016-07-15T10:48:10Z" finished-at="2016-07-15T10:48:10Z">
          <reporter-output>
          </reporter-output>
        </test-method> <!-- beforSuite -->
        <test-method status="PASS" signature="beforeMethod()[pri:0, instance:com.test1.tests.RTestChrome@7d4793a8]" name="beforeMethod" is-config="true" duration-ms="9956" started-at="2016-07-15T10:48:11Z" finished-at="2016-07-15T10:48:21Z">
          <reporter-output>
          </reporter-output>
        </test-method> <!-- beforeMethod -->
        <test-method status="PASS" signature="testSuccessfulNewAdminUserCreationDBcheck(java.lang.String, java.lang.String, java.lang.String, java.lang.String, java.lang.String, java.lang.String, java.lang.String, java.lang.String, java.lang.String, java.lang.String, java.lang.String, java.lang.String)[pri:0, instance:com.test1.tests.RTestChrome@7d4793a8]" name="testSuccessfulNewAdminUserCreationDBcheck" duration-ms="33443" started-at="2016-07-15T10:48:21Z" data-provider="dataProvider" finished-at="2016-07-15T10:48:54Z">
          <params>
            <param index="0">
              <value>
                <![CDATA[sysadmin]]>
              </value>
            </param>
            <param index="1">
              <value>
                <![CDATA[123456]]>
              </value>
            </param>
            <param index="2">
              <value>
                <![CDATA[Jason Lee]]>
              </value>
            </param>
            <param index="3">
              <value>
                <![CDATA[Active]]>
              </value>
            </param>
            <param index="4">
              <value>
                <![CDATA[Admin]]>
              </value>
            </param>
            <param index="5">
              <value>
                <![CDATA[nothing]]>
              </value>
            </param>
            <param index="6">
              <value>
                <![CDATA[777.123.2222]]>
              </value>
            </param>
            <param index="7">
              <value>
                <![CDATA[jasonadmin@admintesting.com]]>
              </value>
            </param>
            <param index="8">
              <value>
                <![CDATA[password1]]>
              </value>
            </param>
            <param index="9">
              <value>
                <![CDATA[password1]]>
              </value>
            </param>
            <param index="10">
              <value>
                <![CDATA[C:\\testfolder\\]]>
              </value>
            </param>
            <param index="11">
              <value>
                <![CDATA[money.jpg]]>
              </value>
            </param>
          </params>
          <reporter-output>
          </reporter-output>
        </test-method> <!-- testSuccessfulNewAdminUserCreationDBcheck -->
        <test-method status="PASS" signature="afterMethod()[pri:0, instance:com.test1.tests.RTestChrome@7d4793a8]" name="afterMethod" is-config="true" duration-ms="3392" started-at="2016-07-15T10:48:54Z" finished-at="2016-07-15T10:48:58Z">
          <reporter-output>
          </reporter-output>
        </test-method> <!-- afterMethod -->
        <test-method status="PASS" signature="beforeMethod()[pri:0, instance:com.test1.tests.RTestChrome@7d4793a8]" name="beforeMethod" is-config="true" duration-ms="9211" started-at="2016-07-15T10:48:58Z" finished-at="2016-07-15T10:49:07Z">
          <reporter-output>
          </reporter-output>
        </test-method> <!-- beforeMethod -->
        <test-method status="PASS" signature="testSuccessfulNewClientCreationDBcheck(java.lang.String, java.lang.String, java.lang.String, java.lang.String, java.lang.String, java.lang.String, java.lang.String, java.lang.String, java.lang.String)[pri:0, instance:com.test1.tests.RTestChrome@7d4793a8]" name="testSuccessfulNewClientCreationDBcheck" duration-ms="22594" started-at="2016-07-15T10:49:07Z" data-provider="dataProvider" finished-at="2016-07-15T10:49:30Z">
          <params>
            <param index="0">
              <value>
                <![CDATA[Jason Lee]]>
              </value>
            </param>
            <param index="1">
              <value>
                <![CDATA[password1]]>
              </value>
            </param>
            <param index="2">
              <value>
                <![CDATA[Client7.6.16C]]>
              </value>
            </param>
            <param index="3">
              <value>
                <![CDATA[404-111-2220]]>
              </value>
            </param>
            <param index="4">
              <value>
                <![CDATA[1234]]>
              </value>
            </param>
            <param index="5">
              <value>
                <![CDATA[400 Dog Town Dr.]]>
              </value>
            </param>
            <param index="6">
              <value>
                <![CDATA[Atlanta]]>
              </value>
            </param>
            <param index="7">
              <value>
                <![CDATA[GA]]>
              </value>
            </param>
            <param index="8">
              <value>
                <![CDATA[32299]]>
              </value>
            </param>
          </params>
          <reporter-output>
          </reporter-output>
        </test-method> <!-- testSuccessfulNewClientCreationDBcheck -->
        <test-method status="PASS" signature="afterMethod()[pri:0, instance:com.test1.tests.RTestChrome@7d4793a8]" name="afterMethod" is-config="true" duration-ms="1447" started-at="2016-07-15T10:49:30Z" finished-at="2016-07-15T10:49:31Z">
          <reporter-output>
          </reporter-output>
        </test-method> <!-- afterMethod -->
        <test-method status="PASS" signature="beforeMethod()[pri:0, instance:com.test1.tests.RTestChrome@7d4793a8]" name="beforeMethod" is-config="true" duration-ms="4275" started-at="2016-07-15T10:49:31Z" finished-at="2016-07-15T10:49:35Z">
          <reporter-output>
          </reporter-output>
        </test-method> <!-- beforeMethod -->
        <test-method status="PASS" signature="testSuccessfulNewClientCreationDBcheck(java.lang.String, java.lang.String, java.lang.String, java.lang.String, java.lang.String, java.lang.String, java.lang.String, java.lang.String, java.lang.String)[pri:0, instance:com.test1.tests.RTestChrome@7d4793a8]" name="testSuccessfulNewClientCreationDBcheck" duration-ms="22340" started-at="2016-07-15T10:49:35Z" data-provider="dataProvider" finished-at="2016-07-15T10:49:58Z">
          <params>
            <param index="0">
              <value>
                <![CDATA[Jason Lee]]>
              </value>
            </param>
            <param index="1">
              <value>
                <![CDATA[password1]]>
              </value>
            </param>
            <param index="2">
              <value>
                <![CDATA[Client7.6.16D]]>
              </value>
            </param>
            <param index="3">
              <value>
                <![CDATA[678-33-4440]]>
              </value>
            </param>
            <param index="4">
              <value>
                <![CDATA[4562]]>
              </value>
            </param>
            <param index="5">
              <value>
                <![CDATA[200 H St.]]>
              </value>
            </param>
            <param index="6">
              <value>
                <![CDATA[Marietta]]>
              </value>
            </param>
            <param index="7">
              <value>
                <![CDATA[GA]]>
              </value>
            </param>
            <param index="8">
              <value>
                <![CDATA[30022]]>
              </value>
            </param>
          </params>
          <reporter-output>
          </reporter-output>
        </test-method> <!-- testSuccessfulNewClientCreationDBcheck -->
        <test-method status="PASS" signature="afterMethod()[pri:0, instance:com.test1.tests.RTestChrome@7d4793a8]" name="afterMethod" is-config="true" duration-ms="1394" started-at="2016-07-15T10:49:58Z" finished-at="2016-07-15T10:49:59Z">
          <reporter-output>
          </reporter-output>
        </test-method> <!-- afterMethod -->
        <test-method status="PASS" signature="beforeMethod()[pri:0, instance:com.test1.tests.RTestChrome@7d4793a8]" name="beforeMethod" is-config="true" duration-ms="4390" started-at="2016-07-15T10:49:59Z" finished-at="2016-07-15T10:50:04Z">
          <reporter-output>
          </reporter-output>
        </test-method> <!-- beforeMethod -->
        <test-method status="PASS" signature="testSuccessfulNewClientCreation(java.lang.String, java.lang.String, java.lang.String, java.lang.String, java.lang.String, java.lang.String, java.lang.String, java.lang.String, java.lang.String)[pri:0, instance:com.test1.tests.RTestChrome@7d4793a8]" name="testSuccessfulNewClientCreation" duration-ms="24364" started-at="2016-07-15T10:50:04Z" data-provider="dataProvider" finished-at="2016-07-15T10:50:28Z">
          <params>
            <param index="0">
              <value>
                <![CDATA[Jason Lee]]>
              </value>
            </param>
            <param index="1">
              <value>
                <![CDATA[password1]]>
              </value>
            </param>
            <param index="2">
              <value>
                <![CDATA[Client7.6.16A]]>
              </value>
            </param>
            <param index="3">
              <value>
                <![CDATA[779-111-9990]]>
              </value>
            </param>
            <param index="4">
              <value>
                <![CDATA[123]]>
              </value>
            </param>
            <param index="5">
              <value>
                <![CDATA[1222 H Street Dr.]]>
              </value>
            </param>
            <param index="6">
              <value>
                <![CDATA[Doraville]]>
              </value>
            </param>
            <param index="7">
              <value>
                <![CDATA[GA]]>
              </value>
            </param>
            <param index="8">
              <value>
                <![CDATA[30023]]>
              </value>
            </param>
          </params>
          <reporter-output>
          </reporter-output>
        </test-method> <!-- testSuccessfulNewClientCreation -->
        <test-method status="PASS" signature="afterMethod()[pri:0, instance:com.test1.tests.RTestChrome@7d4793a8]" name="afterMethod" is-config="true" duration-ms="1397" started-at="2016-07-15T10:50:28Z" finished-at="2016-07-15T10:50:29Z">
          <reporter-output>
          </reporter-output>
        </test-method> <!-- afterMethod -->
        <test-method status="PASS" signature="beforeMethod()[pri:0, instance:com.test1.tests.RTestChrome@7d4793a8]" name="beforeMethod" is-config="true" duration-ms="5358" started-at="2016-07-15T10:50:29Z" finished-at="2016-07-15T10:50:35Z">
          <reporter-output>
          </reporter-output>
        </test-method> <!-- beforeMethod -->
        <test-method status="PASS" signature="testSuccessfulNewClientCreation(java.lang.String, java.lang.String, java.lang.String, java.lang.String, java.lang.String, java.lang.String, java.lang.String, java.lang.String, java.lang.String)[pri:0, instance:com.test1.tests.RTestChrome@7d4793a8]" name="testSuccessfulNewClientCreation" duration-ms="24500" started-at="2016-07-15T10:50:35Z" data-provider="dataProvider" finished-at="2016-07-15T10:50:59Z">
          <params>
            <param index="0">
              <value>
                <![CDATA[Jason Lee]]>
              </value>
            </param>
            <param index="1">
              <value>
                <![CDATA[password1]]>
              </value>
            </param>
            <param index="2">
              <value>
                <![CDATA[Client7.6.16B]]>
              </value>
            </param>
            <param index="3">
              <value>
                <![CDATA[123-990-1230]]>
              </value>
            </param>
            <param index="4">
              <value>
                <![CDATA[0]]>
              </value>
            </param>
            <param index="5">
              <value>
                <![CDATA[1899 Small Road Dr.]]>
              </value>
            </param>
            <param index="6">
              <value>
                <![CDATA[Avondale]]>
              </value>
            </param>
            <param index="7">
              <value>
                <![CDATA[GA]]>
              </value>
            </param>
            <param index="8">
              <value>
                <![CDATA[23004]]>
              </value>
            </param>
          </params>
          <reporter-output>
          </reporter-output>
        </test-method> <!-- testSuccessfulNewClientCreation -->
        <test-method status="PASS" signature="afterMethod()[pri:0, instance:com.test1.tests.RTestChrome@7d4793a8]" name="afterMethod" is-config="true" duration-ms="1390" started-at="2016-07-15T10:50:59Z" finished-at="2016-07-15T10:51:01Z">
          <reporter-output>
          </reporter-output>
        </test-method> <!-- afterMethod -->
        <test-method status="PASS" signature="beforeMethod()[pri:0, instance:com.test1.tests.RTestChrome@7d4793a8]" name="beforeMethod" is-config="true" duration-ms="4010" started-at="2016-07-15T10:51:01Z" finished-at="2016-07-15T10:51:05Z">
          <reporter-output>
          </reporter-output>
        </test-method> <!-- beforeMethod -->
        <test-method status="PASS" signature="testSuccessfulImportFileToClient(java.lang.String, java.lang.String, java.lang.String, java.lang.String, java.lang.String, java.lang.String, java.lang.String, java.lang.String)[pri:0, instance:com.test1.tests.RTestChrome@7d4793a8]" name="testSuccessfulImportFileToClient" duration-ms="34388" started-at="2016-07-15T10:51:05Z" data-provider="dataProvider" finished-at="2016-07-15T10:51:39Z">
          <params>
            <param index="0">
              <value>
                <![CDATA[Jason Lee]]>
              </value>
            </param>
            <param index="1">
              <value>
                <![CDATA[password1]]>
              </value>
            </param>
            <param index="2">
              <value>
                <![CDATA[Client7.6.16B]]>
              </value>
            </param>
            <param index="3">
              <value>
                <![CDATA[Nov 28 2016]]>
              </value>
            </param>
            <param index="4">
              <value>
                <![CDATA[C:\\testfolder\\uploadfiles\\]]>
              </value>
            </param>
            <param index="5">
              <value>
                <![CDATA[Import7.6D.xlsx]]>
              </value>
            </param>
            <param index="6">
              <value>
                <![CDATA[7.6.16003]]>
              </value>
            </param>
            <param index="7">
              <value>
                <![CDATA[7.6.16004]]>
              </value>
            </param>
          </params>
          <reporter-output>
          </reporter-output>
        </test-method> <!-- testSuccessfulImportFileToClient -->
        <test-method status="PASS" signature="afterMethod()[pri:0, instance:com.test1.tests.RTestChrome@7d4793a8]" name="afterMethod" is-config="true" duration-ms="1432" started-at="2016-07-15T10:51:39Z" finished-at="2016-07-15T10:51:40Z">
          <reporter-output>
          </reporter-output>
        </test-method> <!-- afterMethod -->
        <test-method status="PASS" signature="beforeMethod()[pri:0, instance:com.test1.tests.RTestChrome@7d4793a8]" name="beforeMethod" is-config="true" duration-ms="4144" started-at="2016-07-15T10:51:40Z" finished-at="2016-07-15T10:51:45Z">
          <reporter-output>
          </reporter-output>
        </test-method> <!-- beforeMethod -->
        <test-method status="PASS" signature="testSuccessfulImportFileToClient(java.lang.String, java.lang.String, java.lang.String, java.lang.String, java.lang.String, java.lang.String, java.lang.String, java.lang.String)[pri:0, instance:com.test1.tests.RTestChrome@7d4793a8]" name="testSuccessfulImportFileToClient" duration-ms="33371" started-at="2016-07-15T10:51:45Z" data-provider="dataProvider" finished-at="2016-07-15T10:52:18Z">
          <params>
            <param index="0">
              <value>
                <![CDATA[Jason Lee]]>
              </value>
            </param>
            <param index="1">
              <value>
                <![CDATA[password1]]>
              </value>
            </param>
            <param index="2">
              <value>
                <![CDATA[Client7.6.16C]]>
              </value>
            </param>
            <param index="3">
              <value>
                <![CDATA[Dec 28 2016]]>
              </value>
            </param>
            <param index="4">
              <value>
                <![CDATA[C:\\testfolder\\uploadfiles\\]]>
              </value>
            </param>
            <param index="5">
              <value>
                <![CDATA[Import7.6C.xlsx]]>
              </value>
            </param>
            <param index="6">
              <value>
                <![CDATA[7.6.16001]]>
              </value>
            </param>
            <param index="7">
              <value>
                <![CDATA[7.6.16002]]>
              </value>
            </param>
          </params>
          <reporter-output>
          </reporter-output>
        </test-method> <!-- testSuccessfulImportFileToClient -->
        <test-method status="PASS" signature="afterMethod()[pri:0, instance:com.test1.tests.RTestChrome@7d4793a8]" name="afterMethod" is-config="true" duration-ms="1404" started-at="2016-07-15T10:52:18Z" finished-at="2016-07-15T10:52:19Z">
          <reporter-output>
          </reporter-output>
        </test-method> <!-- afterMethod -->
        <test-method status="PASS" signature="beforeMethod()[pri:0, instance:com.test1.tests.RTestChrome@7d4793a8]" name="beforeMethod" is-config="true" duration-ms="4891" started-at="2016-07-15T10:52:19Z" finished-at="2016-07-15T10:52:24Z">
          <reporter-output>
          </reporter-output>
        </test-method> <!-- beforeMethod -->
        <test-method status="PASS" signature="testSuccessfulAdminAddAttachment(java.lang.String, java.lang.String, java.lang.String, java.lang.String, java.lang.String, java.lang.String, java.lang.String)[pri:0, instance:com.test1.tests.RTestChrome@7d4793a8]" name="testSuccessfulAdminAddAttachment" duration-ms="45754" started-at="2016-07-15T10:52:24Z" data-provider="dataProvider" finished-at="2016-07-15T10:53:10Z">
          <params>
            <param index="0">
              <value>
                <![CDATA[Client7.6.16C]]>
              </value>
            </param>
            <param index="1">
              <value>
                <![CDATA[Jason Lee]]>
              </value>
            </param>
            <param index="2">
              <value>
                <![CDATA[password1]]>
              </value>
            </param>
            <param index="3">
              <value>
                <![CDATA[7.6.16001]]>
              </value>
            </param>
            <param index="4">
              <value>
                <![CDATA[addingDocCCC]]>
              </value>
            </param>
            <param index="5">
              <value>
                <![CDATA[C:\\testfolder\\]]>
              </value>
            </param>
            <param index="6">
              <value>
                <![CDATA[TestCertInput1.xlsx]]>
              </value>
            </param>
          </params>
          <reporter-output>
          </reporter-output>
        </test-method> <!-- testSuccessfulAdminAddAttachment -->
        <test-method status="PASS" signature="afterMethod()[pri:0, instance:com.test1.tests.RTestChrome@7d4793a8]" name="afterMethod" is-config="true" duration-ms="1473" started-at="2016-07-15T10:53:10Z" finished-at="2016-07-15T10:53:12Z">
          <reporter-output>
          </reporter-output>
        </test-method> <!-- afterMethod -->
        <test-method status="PASS" signature="beforeMethod()[pri:0, instance:com.test1.tests.RTestChrome@7d4793a8]" name="beforeMethod" is-config="true" duration-ms="3767" started-at="2016-07-15T10:53:12Z" finished-at="2016-07-15T10:53:15Z">
          <reporter-output>
          </reporter-output>
        </test-method> <!-- beforeMethod -->
        <test-method status="PASS" signature="testSuccessfulAdminAddAttachment(java.lang.String, java.lang.String, java.lang.String, java.lang.String, java.lang.String, java.lang.String, java.lang.String)[pri:0, instance:com.test1.tests.RTestChrome@7d4793a8]" name="testSuccessfulAdminAddAttachment" duration-ms="46873" started-at="2016-07-15T10:53:15Z" data-provider="dataProvider" finished-at="2016-07-15T10:54:02Z">
          <params>
            <param index="0">
              <value>
                <![CDATA[Client7.6.16C]]>
              </value>
            </param>
            <param index="1">
              <value>
                <![CDATA[Jason Lee]]>
              </value>
            </param>
            <param index="2">
              <value>
                <![CDATA[password1]]>
              </value>
            </param>
            <param index="3">
              <value>
                <![CDATA[7.6.16001]]>
              </value>
            </param>
            <param index="4">
              <value>
                <![CDATA[addingAttach22]]>
              </value>
            </param>
            <param index="5">
              <value>
                <![CDATA[C:\\testfolder\\]]>
              </value>
            </param>
            <param index="6">
              <value>
                <![CDATA[rock1.jpg]]>
              </value>
            </param>
          </params>
          <reporter-output>
          </reporter-output>
        </test-method> <!-- testSuccessfulAdminAddAttachment -->
        <test-method status="PASS" signature="afterMethod()[pri:0, instance:com.test1.tests.RTestChrome@7d4793a8]" name="afterMethod" is-config="true" duration-ms="1377" started-at="2016-07-15T10:54:02Z" finished-at="2016-07-15T10:54:04Z">
          <reporter-output>
          </reporter-output>
        </test-method> <!-- afterMethod -->
        <test-method status="PASS" signature="beforeMethod()[pri:0, instance:com.test1.tests.RTestChrome@7d4793a8]" name="beforeMethod" is-config="true" duration-ms="4083" started-at="2016-07-15T10:54:04Z" finished-at="2016-07-15T10:54:08Z">
          <reporter-output>
          </reporter-output>
        </test-method> <!-- beforeMethod -->
        <test-method status="PASS" signature="testSuccessfulAdminAddAttachment(java.lang.String, java.lang.String, java.lang.String, java.lang.String, java.lang.String, java.lang.String, java.lang.String)[pri:0, instance:com.test1.tests.RTestChrome@7d4793a8]" name="testSuccessfulAdminAddAttachment" duration-ms="45878" started-at="2016-07-15T10:54:08Z" data-provider="dataProvider" finished-at="2016-07-15T10:54:54Z">
          <params>
            <param index="0">
              <value>
                <![CDATA[Client7.6.16C]]>
              </value>
            </param>
            <param index="1">
              <value>
                <![CDATA[Jason Lee]]>
              </value>
            </param>
            <param index="2">
              <value>
                <![CDATA[password1]]>
              </value>
            </param>
            <param index="3">
              <value>
                <![CDATA[7.6.16001]]>
              </value>
            </param>
            <param index="4">
              <value>
                <![CDATA[attach001]]>
              </value>
            </param>
            <param index="5">
              <value>
                <![CDATA[C:\\testfolder\\]]>
              </value>
            </param>
            <param index="6">
              <value>
                <![CDATA[gb3.jpg]]>
              </value>
            </param>
          </params>
          <reporter-output>
          </reporter-output>
        </test-method> <!-- testSuccessfulAdminAddAttachment -->
        <test-method status="PASS" signature="afterMethod()[pri:0, instance:com.test1.tests.RTestChrome@7d4793a8]" name="afterMethod" is-config="true" duration-ms="1440" started-at="2016-07-15T10:54:54Z" finished-at="2016-07-15T10:54:55Z">
          <reporter-output>
          </reporter-output>
        </test-method> <!-- afterMethod -->
        <test-method status="PASS" signature="beforeMethod()[pri:0, instance:com.test1.tests.RTestChrome@7d4793a8]" name="beforeMethod" is-config="true" duration-ms="4285" started-at="2016-07-15T10:54:55Z" finished-at="2016-07-15T10:54:59Z">
          <reporter-output>
          </reporter-output>
        </test-method> <!-- beforeMethod -->
        <test-method status="PASS" signature="testSuccessfulAdminAddAttachment(java.lang.String, java.lang.String, java.lang.String, java.lang.String, java.lang.String, java.lang.String, java.lang.String)[pri:0, instance:com.test1.tests.RTestChrome@7d4793a8]" name="testSuccessfulAdminAddAttachment" duration-ms="47160" started-at="2016-07-15T10:54:59Z" data-provider="dataProvider" finished-at="2016-07-15T10:55:46Z">
          <params>
            <param index="0">
              <value>
                <![CDATA[Client7.6.16C]]>
              </value>
            </param>
            <param index="1">
              <value>
                <![CDATA[Jason Lee]]>
              </value>
            </param>
            <param index="2">
              <value>
                <![CDATA[password1]]>
              </value>
            </param>
            <param index="3">
              <value>
                <![CDATA[7.6.16001]]>
              </value>
            </param>
            <param index="4">
              <value>
                <![CDATA[attaching1]]>
              </value>
            </param>
            <param index="5">
              <value>
                <![CDATA[C:\\testfolder\\]]>
              </value>
            </param>
            <param index="6">
              <value>
                <![CDATA[kiar3.jpg]]>
              </value>
            </param>
          </params>
          <reporter-output>
          </reporter-output>
        </test-method> <!-- testSuccessfulAdminAddAttachment -->
        <test-method status="PASS" signature="afterMethod()[pri:0, instance:com.test1.tests.RTestChrome@7d4793a8]" name="afterMethod" is-config="true" duration-ms="1458" started-at="2016-07-15T10:55:46Z" finished-at="2016-07-15T10:55:48Z">
          <reporter-output>
          </reporter-output>
        </test-method> <!-- afterMethod -->
        <test-method status="PASS" signature="beforeMethod()[pri:0, instance:com.test1.tests.RTestChrome@7d4793a8]" name="beforeMethod" is-config="true" duration-ms="4464" started-at="2016-07-15T10:55:48Z" finished-at="2016-07-15T10:55:52Z">
          <reporter-output>
          </reporter-output>
        </test-method> <!-- beforeMethod -->
        <test-method status="PASS" signature="testSuccessfulAddAttachmentDBcheck(java.lang.String, java.lang.String, java.lang.String, java.lang.String, java.lang.String, java.lang.String, java.lang.String)[pri:0, instance:com.test1.tests.RTestChrome@7d4793a8]" name="testSuccessfulAddAttachmentDBcheck" duration-ms="33734" started-at="2016-07-15T10:55:52Z" data-provider="dataProvider" finished-at="2016-07-15T10:56:26Z">
          <params>
            <param index="0">
              <value>
                <![CDATA[Client7.6.16C]]>
              </value>
            </param>
            <param index="1">
              <value>
                <![CDATA[Jason Lee]]>
              </value>
            </param>
            <param index="2">
              <value>
                <![CDATA[password1]]>
              </value>
            </param>
            <param index="3">
              <value>
                <![CDATA[7.6.16002]]>
              </value>
            </param>
            <param index="4">
              <value>
                <![CDATA[addingAttach4]]>
              </value>
            </param>
            <param index="5">
              <value>
                <![CDATA[C:\\testfolder\\]]>
              </value>
            </param>
            <param index="6">
              <value>
                <![CDATA[gb1.jpg]]>
              </value>
            </param>
          </params>
          <reporter-output>
          </reporter-output>
        </test-method> <!-- testSuccessfulAddAttachmentDBcheck -->
        <test-method status="PASS" signature="afterMethod()[pri:0, instance:com.test1.tests.RTestChrome@7d4793a8]" name="afterMethod" is-config="true" duration-ms="1453" started-at="2016-07-15T10:56:26Z" finished-at="2016-07-15T10:56:28Z">
          <reporter-output>
          </reporter-output>
        </test-method> <!-- afterMethod -->
        <test-method status="PASS" signature="beforeMethod()[pri:0, instance:com.test1.tests.RTestChrome@7d4793a8]" name="beforeMethod" is-config="true" duration-ms="3993" started-at="2016-07-15T10:56:28Z" finished-at="2016-07-15T10:56:32Z">
          <reporter-output>
          </reporter-output>
        </test-method> <!-- beforeMethod -->
        <test-method status="PASS" signature="testSuccessfulAddAttachmentDBcheck(java.lang.String, java.lang.String, java.lang.String, java.lang.String, java.lang.String, java.lang.String, java.lang.String)[pri:0, instance:com.test1.tests.RTestChrome@7d4793a8]" name="testSuccessfulAddAttachmentDBcheck" duration-ms="33969" started-at="2016-07-15T10:56:32Z" data-provider="dataProvider" finished-at="2016-07-15T10:57:06Z">
          <params>
            <param index="0">
              <value>
                <![CDATA[Client7.6.16B]]>
              </value>
            </param>
            <param index="1">
              <value>
                <![CDATA[Jason Lee]]>
              </value>
            </param>
            <param index="2">
              <value>
                <![CDATA[password1]]>
              </value>
            </param>
            <param index="3">
              <value>
                <![CDATA[7.6.16003]]>
              </value>
            </param>
            <param index="4">
              <value>
                <![CDATA[attachDoc4]]>
              </value>
            </param>
            <param index="5">
              <value>
                <![CDATA[C:\\testfolder\\]]>
              </value>
            </param>
            <param index="6">
              <value>
                <![CDATA[golgo13.PNG]]>
              </value>
            </param>
          </params>
          <reporter-output>
          </reporter-output>
        </test-method> <!-- testSuccessfulAddAttachmentDBcheck -->
        <test-method status="PASS" signature="afterMethod()[pri:0, instance:com.test1.tests.RTestChrome@7d4793a8]" name="afterMethod" is-config="true" duration-ms="1438" started-at="2016-07-15T10:57:06Z" finished-at="2016-07-15T10:57:07Z">
          <reporter-output>
          </reporter-output>
        </test-method> <!-- afterMethod -->
        <test-method status="PASS" signature="beforeMethod()[pri:0, instance:com.test1.tests.RTestChrome@7d4793a8]" name="beforeMethod" is-config="true" duration-ms="4770" started-at="2016-07-15T10:57:07Z" finished-at="2016-07-15T10:57:12Z">
          <reporter-output>
          </reporter-output>
        </test-method> <!-- beforeMethod -->
        <test-method status="PASS" signature="testSuccessfulAddAttachmentDBcheck(java.lang.String, java.lang.String, java.lang.String, java.lang.String, java.lang.String, java.lang.String, java.lang.String)[pri:0, instance:com.test1.tests.RTestChrome@7d4793a8]" name="testSuccessfulAddAttachmentDBcheck" duration-ms="34235" started-at="2016-07-15T10:57:12Z" data-provider="dataProvider" finished-at="2016-07-15T10:57:46Z">
          <params>
            <param index="0">
              <value>
                <![CDATA[Client7.6.16B]]>
              </value>
            </param>
            <param index="1">
              <value>
                <![CDATA[Jason Lee]]>
              </value>
            </param>
            <param index="2">
              <value>
                <![CDATA[password1]]>
              </value>
            </param>
            <param index="3">
              <value>
                <![CDATA[7.6.16004]]>
              </value>
            </param>
            <param index="4">
              <value>
                <![CDATA[addRock4]]>
              </value>
            </param>
            <param index="5">
              <value>
                <![CDATA[C:\\testfolder\\]]>
              </value>
            </param>
            <param index="6">
              <value>
                <![CDATA[rock1.jpg]]>
              </value>
            </param>
          </params>
          <reporter-output>
          </reporter-output>
        </test-method> <!-- testSuccessfulAddAttachmentDBcheck -->
        <test-method status="PASS" signature="afterMethod()[pri:0, instance:com.test1.tests.RTestChrome@7d4793a8]" name="afterMethod" is-config="true" duration-ms="1403" started-at="2016-07-15T10:57:46Z" finished-at="2016-07-15T10:57:47Z">
          <reporter-output>
          </reporter-output>
        </test-method> <!-- afterMethod -->
        <test-method status="PASS" signature="beforeMethod()[pri:0, instance:com.test1.tests.RTestChrome@7d4793a8]" name="beforeMethod" is-config="true" duration-ms="4104" started-at="2016-07-15T10:57:47Z" finished-at="2016-07-15T10:57:52Z">
          <reporter-output>
          </reporter-output>
        </test-method> <!-- beforeMethod -->
        <test-method status="PASS" signature="testSuccessfulNewUserCreationDBcheck(java.lang.String, java.lang.String, java.lang.String, java.lang.String, java.lang.String, java.lang.String, java.lang.String, java.lang.String, java.lang.String, java.lang.String, java.lang.String, java.lang.String)[pri:0, instance:com.test1.tests.RTestChrome@7d4793a8]" name="testSuccessfulNewUserCreationDBcheck" duration-ms="26749" started-at="2016-07-15T10:57:52Z" data-provider="dataProvider" finished-at="2016-07-15T10:58:18Z">
          <params>
            <param index="0">
              <value>
                <![CDATA[Jason Lee]]>
              </value>
            </param>
            <param index="1">
              <value>
                <![CDATA[password1]]>
              </value>
            </param>
            <param index="2">
              <value>
                <![CDATA[NewParaUserD0]]>
              </value>
            </param>
            <param index="3">
              <value>
                <![CDATA[Active]]>
              </value>
            </param>
            <param index="4">
              <value>
                <![CDATA[Paralegal]]>
              </value>
            </param>
            <param index="5">
              <value>
                <![CDATA[nothing]]>
              </value>
            </param>
            <param index="6">
              <value>
                <![CDATA[771.111.2222]]>
              </value>
            </param>
            <param index="7">
              <value>
                <![CDATA[parauserAA@testing.com]]>
              </value>
            </param>
            <param index="8">
              <value>
                <![CDATA[password1]]>
              </value>
            </param>
            <param index="9">
              <value>
                <![CDATA[password1]]>
              </value>
            </param>
            <param index="10">
              <value>
                <![CDATA[C:\\testfolder\\]]>
              </value>
            </param>
            <param index="11">
              <value>
                <![CDATA[parauser1.jpg]]>
              </value>
            </param>
          </params>
          <reporter-output>
          </reporter-output>
        </test-method> <!-- testSuccessfulNewUserCreationDBcheck -->
        <test-method status="PASS" signature="afterMethod()[pri:0, instance:com.test1.tests.RTestChrome@7d4793a8]" name="afterMethod" is-config="true" duration-ms="1374" started-at="2016-07-15T10:58:18Z" finished-at="2016-07-15T10:58:20Z">
          <reporter-output>
          </reporter-output>
        </test-method> <!-- afterMethod -->
        <test-method status="PASS" signature="beforeMethod()[pri:0, instance:com.test1.tests.RTestChrome@7d4793a8]" name="beforeMethod" is-config="true" duration-ms="4405" started-at="2016-07-15T10:58:20Z" finished-at="2016-07-15T10:58:24Z">
          <reporter-output>
          </reporter-output>
        </test-method> <!-- beforeMethod -->
        <test-method status="PASS" signature="testSuccessfulNewUserCreationDBcheck(java.lang.String, java.lang.String, java.lang.String, java.lang.String, java.lang.String, java.lang.String, java.lang.String, java.lang.String, java.lang.String, java.lang.String, java.lang.String, java.lang.String)[pri:0, instance:com.test1.tests.RTestChrome@7d4793a8]" name="testSuccessfulNewUserCreationDBcheck" duration-ms="26926" started-at="2016-07-15T10:58:24Z" data-provider="dataProvider" finished-at="2016-07-15T10:58:51Z">
          <params>
            <param index="0">
              <value>
                <![CDATA[Jason Lee]]>
              </value>
            </param>
            <param index="1">
              <value>
                <![CDATA[password1]]>
              </value>
            </param>
            <param index="2">
              <value>
                <![CDATA[NewAdminUserD0]]>
              </value>
            </param>
            <param index="3">
              <value>
                <![CDATA[Active]]>
              </value>
            </param>
            <param index="4">
              <value>
                <![CDATA[Admin]]>
              </value>
            </param>
            <param index="5">
              <value>
                <![CDATA[nothing]]>
              </value>
            </param>
            <param index="6">
              <value>
                <![CDATA[402.222.3333]]>
              </value>
            </param>
            <param index="7">
              <value>
                <![CDATA[newadminuserAA@testing.com]]>
              </value>
            </param>
            <param index="8">
              <value>
                <![CDATA[password1]]>
              </value>
            </param>
            <param index="9">
              <value>
                <![CDATA[password1]]>
              </value>
            </param>
            <param index="10">
              <value>
                <![CDATA[C:\\testfolder\\]]>
              </value>
            </param>
            <param index="11">
              <value>
                <![CDATA[admin1.jpg]]>
              </value>
            </param>
          </params>
          <reporter-output>
          </reporter-output>
        </test-method> <!-- testSuccessfulNewUserCreationDBcheck -->
        <test-method status="PASS" signature="afterMethod()[pri:0, instance:com.test1.tests.RTestChrome@7d4793a8]" name="afterMethod" is-config="true" duration-ms="1431" started-at="2016-07-15T10:58:51Z" finished-at="2016-07-15T10:58:52Z">
          <reporter-output>
          </reporter-output>
        </test-method> <!-- afterMethod -->
        <test-method status="PASS" signature="beforeMethod()[pri:0, instance:com.test1.tests.RTestChrome@7d4793a8]" name="beforeMethod" is-config="true" duration-ms="4601" started-at="2016-07-15T10:58:52Z" finished-at="2016-07-15T10:58:57Z">
          <reporter-output>
          </reporter-output>
        </test-method> <!-- beforeMethod -->
        <test-method status="PASS" signature="testSuccessfulNewUserCreate(java.lang.String, java.lang.String, java.lang.String, java.lang.String, java.lang.String, java.lang.String, java.lang.String, java.lang.String, java.lang.String, java.lang.String, java.lang.String, java.lang.String)[pri:0, instance:com.test1.tests.RTestChrome@7d4793a8]" name="testSuccessfulNewUserCreate" duration-ms="30928" started-at="2016-07-15T10:58:57Z" data-provider="dataProvider" finished-at="2016-07-15T10:59:28Z">
          <params>
            <param index="0">
              <value>
                <![CDATA[Jason Lee]]>
              </value>
            </param>
            <param index="1">
              <value>
                <![CDATA[password1]]>
              </value>
            </param>
            <param index="2">
              <value>
                <![CDATA[NewClientUserD0]]>
              </value>
            </param>
            <param index="3">
              <value>
                <![CDATA[Active]]>
              </value>
            </param>
            <param index="4">
              <value>
                <![CDATA[Client]]>
              </value>
            </param>
            <param index="5">
              <value>
                <![CDATA[Client7.6.16B]]>
              </value>
            </param>
            <param index="6">
              <value>
                <![CDATA[770.330.1111]]>
              </value>
            </param>
            <param index="7">
              <value>
                <![CDATA[newclientAA@user.com]]>
              </value>
            </param>
            <param index="8">
              <value>
                <![CDATA[password1]]>
              </value>
            </param>
            <param index="9">
              <value>
                <![CDATA[password1]]>
              </value>
            </param>
            <param index="10">
              <value>
                <![CDATA[C:\\testfolder\\]]>
              </value>
            </param>
            <param index="11">
              <value>
                <![CDATA[toshiya3.jpg]]>
              </value>
            </param>
          </params>
          <reporter-output>
          </reporter-output>
        </test-method> <!-- testSuccessfulNewUserCreate -->
        <test-method status="PASS" signature="afterMethod()[pri:0, instance:com.test1.tests.RTestChrome@7d4793a8]" name="afterMethod" is-config="true" duration-ms="1459" started-at="2016-07-15T10:59:28Z" finished-at="2016-07-15T10:59:29Z">
          <reporter-output>
          </reporter-output>
        </test-method> <!-- afterMethod -->
        <test-method status="PASS" signature="beforeMethod()[pri:0, instance:com.test1.tests.RTestChrome@7d4793a8]" name="beforeMethod" is-config="true" duration-ms="4887" started-at="2016-07-15T10:59:29Z" finished-at="2016-07-15T10:59:34Z">
          <reporter-output>
          </reporter-output>
        </test-method> <!-- beforeMethod -->
        <test-method status="PASS" signature="testSuccessfulNewUserCreate(java.lang.String, java.lang.String, java.lang.String, java.lang.String, java.lang.String, java.lang.String, java.lang.String, java.lang.String, java.lang.String, java.lang.String, java.lang.String, java.lang.String)[pri:0, instance:com.test1.tests.RTestChrome@7d4793a8]" name="testSuccessfulNewUserCreate" duration-ms="29781" started-at="2016-07-15T10:59:34Z" data-provider="dataProvider" finished-at="2016-07-15T11:00:04Z">
          <params>
            <param index="0">
              <value>
                <![CDATA[Jason Lee]]>
              </value>
            </param>
            <param index="1">
              <value>
                <![CDATA[password1]]>
              </value>
            </param>
            <param index="2">
              <value>
                <![CDATA[NewDataEntryUserD0]]>
              </value>
            </param>
            <param index="3">
              <value>
                <![CDATA[Active]]>
              </value>
            </param>
            <param index="4">
              <value>
                <![CDATA[Data Entry]]>
              </value>
            </param>
            <param index="5">
              <value>
                <![CDATA[nothing]]>
              </value>
            </param>
            <param index="6">
              <value>
                <![CDATA[774.999.3456]]>
              </value>
            </param>
            <param index="7">
              <value>
                <![CDATA[newdataentryuserAA@testing.com]]>
              </value>
            </param>
            <param index="8">
              <value>
                <![CDATA[password1]]>
              </value>
            </param>
            <param index="9">
              <value>
                <![CDATA[password1]]>
              </value>
            </param>
            <param index="10">
              <value>
                <![CDATA[C:\\testfolder\\]]>
              </value>
            </param>
            <param index="11">
              <value>
                <![CDATA[dataentryuser1.jpg]]>
              </value>
            </param>
          </params>
          <reporter-output>
          </reporter-output>
        </test-method> <!-- testSuccessfulNewUserCreate -->
        <test-method status="PASS" signature="afterMethod()[pri:0, instance:com.test1.tests.RTestChrome@7d4793a8]" name="afterMethod" is-config="true" duration-ms="1397" started-at="2016-07-15T11:00:04Z" finished-at="2016-07-15T11:00:06Z">
          <reporter-output>
          </reporter-output>
        </test-method> <!-- afterMethod -->
        <test-method status="PASS" signature="beforeMethod()[pri:0, instance:com.test1.tests.RTestChrome@7d4793a8]" name="beforeMethod" is-config="true" duration-ms="4305" started-at="2016-07-15T11:00:06Z" finished-at="2016-07-15T11:00:10Z">
          <reporter-output>
          </reporter-output>
        </test-method> <!-- beforeMethod -->
        <test-method status="PASS" signature="testSuccessfulLogIn(java.lang.String, java.lang.String)[pri:0, instance:com.test1.tests.RTestChrome@7d4793a8]" name="testSuccessfulLogIn" duration-ms="6383" started-at="2016-07-15T11:00:10Z" data-provider="dataProvider" finished-at="2016-07-15T11:00:16Z">
          <params>
            <param index="0">
              <value>
                <![CDATA[NewParaUserD0]]>
              </value>
            </param>
            <param index="1">
              <value>
                <![CDATA[password1]]>
              </value>
            </param>
          </params>
          <reporter-output>
          </reporter-output>
        </test-method> <!-- testSuccessfulLogIn -->
        <test-method status="PASS" signature="afterMethod()[pri:0, instance:com.test1.tests.RTestChrome@7d4793a8]" name="afterMethod" is-config="true" duration-ms="1382" started-at="2016-07-15T11:00:16Z" finished-at="2016-07-15T11:00:18Z">
          <reporter-output>
          </reporter-output>
        </test-method> <!-- afterMethod -->
        <test-method status="PASS" signature="beforeMethod()[pri:0, instance:com.test1.tests.RTestChrome@7d4793a8]" name="beforeMethod" is-config="true" duration-ms="4033" started-at="2016-07-15T11:00:18Z" finished-at="2016-07-15T11:00:22Z">
          <reporter-output>
          </reporter-output>
        </test-method> <!-- beforeMethod -->
        <test-method status="PASS" signature="testSuccessfulLogIn(java.lang.String, java.lang.String)[pri:0, instance:com.test1.tests.RTestChrome@7d4793a8]" name="testSuccessfulLogIn" duration-ms="6180" started-at="2016-07-15T11:00:22Z" data-provider="dataProvider" finished-at="2016-07-15T11:00:28Z">
          <params>
            <param index="0">
              <value>
                <![CDATA[NewAdminUserD0]]>
              </value>
            </param>
            <param index="1">
              <value>
                <![CDATA[password1]]>
              </value>
            </param>
          </params>
          <reporter-output>
          </reporter-output>
        </test-method> <!-- testSuccessfulLogIn -->
        <test-method status="PASS" signature="afterMethod()[pri:0, instance:com.test1.tests.RTestChrome@7d4793a8]" name="afterMethod" is-config="true" duration-ms="1416" started-at="2016-07-15T11:00:28Z" finished-at="2016-07-15T11:00:29Z">
          <reporter-output>
          </reporter-output>
        </test-method> <!-- afterMethod -->
        <test-method status="PASS" signature="beforeMethod()[pri:0, instance:com.test1.tests.RTestChrome@7d4793a8]" name="beforeMethod" is-config="true" duration-ms="4012" started-at="2016-07-15T11:00:29Z" finished-at="2016-07-15T11:00:33Z">
          <reporter-output>
          </reporter-output>
        </test-method> <!-- beforeMethod -->
        <test-method status="PASS" signature="testSuccessfulLogIn(java.lang.String, java.lang.String)[pri:0, instance:com.test1.tests.RTestChrome@7d4793a8]" name="testSuccessfulLogIn" duration-ms="5862" started-at="2016-07-15T11:00:33Z" data-provider="dataProvider" finished-at="2016-07-15T11:00:39Z">
          <params>
            <param index="0">
              <value>
                <![CDATA[NewClientUserD0]]>
              </value>
            </param>
            <param index="1">
              <value>
                <![CDATA[password1]]>
              </value>
            </param>
          </params>
          <reporter-output>
          </reporter-output>
        </test-method> <!-- testSuccessfulLogIn -->
        <test-method status="PASS" signature="afterMethod()[pri:0, instance:com.test1.tests.RTestChrome@7d4793a8]" name="afterMethod" is-config="true" duration-ms="1350" started-at="2016-07-15T11:00:39Z" finished-at="2016-07-15T11:00:40Z">
          <reporter-output>
          </reporter-output>
        </test-method> <!-- afterMethod -->
        <test-method status="PASS" signature="beforeMethod()[pri:0, instance:com.test1.tests.RTestChrome@7d4793a8]" name="beforeMethod" is-config="true" duration-ms="4971" started-at="2016-07-15T11:00:40Z" finished-at="2016-07-15T11:00:45Z">
          <reporter-output>
          </reporter-output>
        </test-method> <!-- beforeMethod -->
        <test-method status="PASS" signature="testSuccessfulLogIn(java.lang.String, java.lang.String)[pri:0, instance:com.test1.tests.RTestChrome@7d4793a8]" name="testSuccessfulLogIn" duration-ms="6821" started-at="2016-07-15T11:00:45Z" data-provider="dataProvider" finished-at="2016-07-15T11:00:52Z">
          <params>
            <param index="0">
              <value>
                <![CDATA[NewDataEntryUserD0]]>
              </value>
            </param>
            <param index="1">
              <value>
                <![CDATA[password1]]>
              </value>
            </param>
          </params>
          <reporter-output>
          </reporter-output>
        </test-method> <!-- testSuccessfulLogIn -->
        <test-method status="PASS" signature="afterMethod()[pri:0, instance:com.test1.tests.RTestChrome@7d4793a8]" name="afterMethod" is-config="true" duration-ms="1423" started-at="2016-07-15T11:00:52Z" finished-at="2016-07-15T11:00:54Z">
          <reporter-output>
          </reporter-output>
        </test-method> <!-- afterMethod -->
        <test-method status="PASS" signature="beforeMethod()[pri:0, instance:com.test1.tests.RTestChrome@7d4793a8]" name="beforeMethod" is-config="true" duration-ms="4485" started-at="2016-07-15T11:00:54Z" finished-at="2016-07-15T11:00:58Z">
          <reporter-output>
          </reporter-output>
        </test-method> <!-- beforeMethod -->
        <test-method status="PASS" signature="testSuccessfulLogOut(java.lang.String, java.lang.String)[pri:0, instance:com.test1.tests.RTestChrome@7d4793a8]" name="testSuccessfulLogOut" duration-ms="10124" started-at="2016-07-15T11:00:58Z" data-provider="dataProvider" finished-at="2016-07-15T11:01:08Z">
          <params>
            <param index="0">
              <value>
                <![CDATA[NewClientUserD0]]>
              </value>
            </param>
            <param index="1">
              <value>
                <![CDATA[password1]]>
              </value>
            </param>
          </params>
          <reporter-output>
          </reporter-output>
        </test-method> <!-- testSuccessfulLogOut -->
        <test-method status="PASS" signature="afterMethod()[pri:0, instance:com.test1.tests.RTestChrome@7d4793a8]" name="afterMethod" is-config="true" duration-ms="1359" started-at="2016-07-15T11:01:08Z" finished-at="2016-07-15T11:01:10Z">
          <reporter-output>
          </reporter-output>
        </test-method> <!-- afterMethod -->
        <test-method status="PASS" signature="beforeMethod()[pri:0, instance:com.test1.tests.RTestChrome@7d4793a8]" name="beforeMethod" is-config="true" duration-ms="4244" started-at="2016-07-15T11:01:10Z" finished-at="2016-07-15T11:01:14Z">
          <reporter-output>
          </reporter-output>
        </test-method> <!-- beforeMethod -->
        <test-method status="PASS" signature="testSuccessfulSumSheetDownLoadFiref(java.lang.String, java.lang.String, java.lang.String, java.lang.String, java.lang.String)[pri:0, instance:com.test1.tests.RTestChrome@7d4793a8]" name="testSuccessfulSumSheetDownLoadFiref" duration-ms="13130" started-at="2016-07-15T11:01:14Z" data-provider="dataProvider" finished-at="2016-07-15T11:01:27Z">
          <params>
            <param index="0">
              <value>
                <![CDATA[NewClientUserD0]]>
              </value>
            </param>
            <param index="1">
              <value>
                <![CDATA[password1]]>
              </value>
            </param>
            <param index="2">
              <value>
                <![CDATA[7.6.16003]]>
              </value>
            </param>
            <param index="3">
              <value>
                <![CDATA[C:\\testfolder\\SeleniumDownloads]]>
              </value>
            </param>
            <param index="4">
              <value>
                <![CDATA[golgo13.PNG]]>
              </value>
            </param>
          </params>
          <reporter-output>
          </reporter-output>
        </test-method> <!-- testSuccessfulSumSheetDownLoadFiref -->
        <test-method status="PASS" signature="afterMethod()[pri:0, instance:com.test1.tests.RTestChrome@7d4793a8]" name="afterMethod" is-config="true" duration-ms="1636" started-at="2016-07-15T11:01:27Z" finished-at="2016-07-15T11:01:29Z">
          <reporter-output>
          </reporter-output>
        </test-method> <!-- afterMethod -->
      </class> <!-- com.test1.tests.RTestChrome -->
    </test> <!-- Ant test -->
  </suite> <!-- Ant suite -->
</testng-results>
